╭────────────────────┬────────────────────┬────────────────────┬────────────────────┬────────────────────┬────────────────────┬────────────────────┬────────────────────╮
│            Episode │     Sim T / Wall T │        Total Steps │        Steps / Sec │       Scenario Map │    Scenario Routes │     Mission (Hash) │             Scores │
├────────────────────┼────────────────────┼────────────────────┼────────────────────┼────────────────────┼────────────────────┼────────────────────┼────────────────────┤
Renderer started with backend %s glxGraphicsPipe
│              1/350 │               4.40 │                 40 │              44.01 │              scn_3 │          0.rou.xml │ 964945235560182128 │ 68.28 - SingleAgent │
Renderer started with backend %s glxGraphicsPipe
│              2/350 │               4.88 │                199 │              48.80 │              scn_3 │          0.rou.xml │ 964945235560182128 │ 300.24 - SingleAgent │
Renderer started with backend %s glxGraphicsPipe
│              3/350 │               4.55 │                 97 │              45.46 │              scn_3 │          0.rou.xml │ 964945235560182128 │ 184.23 - SingleAgent │
Renderer started with backend %s glxGraphicsPipe
│              4/350 │               3.81 │                 40 │              38.10 │              scn_3 │          0.rou.xml │ 964945235560182128 │ 16.08 - SingleAgent │
Renderer started with backend %s glxGraphicsPipe
│              5/350 │               3.54 │                 37 │              35.44 │              scn_3 │          0.rou.xml │ 964945235560182128 │ 12.45 - SingleAgent │
Renderer started with backend %s glxGraphicsPipe
│              6/350 │               4.22 │                 92 │              42.17 │              scn_3 │          0.rou.xml │ 964945235560182128 │ 97.89 - SingleAgent │
Renderer started with backend %s glxGraphicsPipe
│              7/350 │               2.73 │                 25 │              27.29 │              scn_3 │          0.rou.xml │ 964945235560182128 │ 8.55 - SingleAgent │
Renderer started with backend %s glxGraphicsPipe
│              8/350 │               4.49 │                 97 │              44.93 │              scn_3 │          0.rou.xml │ 964945235560182128 │ 38.17 - SingleAgent │
Renderer started with backend %s glxGraphicsPipe
│              9/350 │               3.64 │                 59 │              36.36 │              scn_3 │          0.rou.xml │ 964945235560182128 │ 41.52 - SingleAgent │
Renderer started with backend %s glxGraphicsPipe
│             10/350 │               4.60 │                177 │              46.02 │              scn_3 │          0.rou.xml │ 964945235560182128 │ 213.06 - SingleAgent │
Renderer started with backend %s glxGraphicsPipe
│             11/350 │               4.24 │                112 │              42.43 │              scn_3 │          0.rou.xml │ 964945235560182128 │ 81.03 - SingleAgent │
Renderer started with backend %s glxGraphicsPipe
│             12/350 │               3.64 │                 75 │              36.39 │              scn_3 │          0.rou.xml │ 964945235560182128 │ 72.55 - SingleAgent │
Renderer started with backend %s glxGraphicsPipe
│             13/350 │               2.82 │                 40 │              28.16 │              scn_3 │          0.rou.xml │ 964945235560182128 │ 45.56 - SingleAgent │
Renderer started with backend %s glxGraphicsPipe
│             14/350 │               2.17 │                 27 │              21.70 │              scn_3 │          0.rou.xml │ 964945235560182128 │ 9.24 - SingleAgent │
Renderer started with backend %s glxGraphicsPipe
│             15/350 │               3.28 │                 60 │              32.79 │              scn_3 │          0.rou.xml │ 964945235560182128 │ 81.05 - SingleAgent │
Renderer started with backend %s glxGraphicsPipe
│             16/350 │               4.18 │                164 │              41.79 │              scn_3 │          0.rou.xml │ 964945235560182128 │ 266.71 - SingleAgent │
Renderer started with backend %s glxGraphicsPipe
│             17/350 │               3.37 │                 70 │              33.71 │              scn_3 │          0.rou.xml │ 964945235560182128 │ 45.99 - SingleAgent │
Renderer started with backend %s glxGraphicsPipe
│             18/350 │               3.54 │                 81 │              35.38 │              scn_3 │          0.rou.xml │ 964945235560182128 │ 104.38 - SingleAgent │
Renderer started with backend %s glxGraphicsPipe
│             19/350 │               2.27 │                 33 │              22.71 │              scn_3 │          0.rou.xml │ 964945235560182128 │ 33.49 - SingleAgent │
Renderer started with backend %s glxGraphicsPipe
│             20/350 │               3.62 │                 96 │              36.16 │              scn_3 │          0.rou.xml │ 964945235560182128 │ 142.85 - SingleAgent │
Renderer started with backend %s glxGraphicsPipe
│             21/350 │               4.05 │                118 │              40.51 │              scn_3 │          0.rou.xml │ 964945235560182128 │ 70.36 - SingleAgent │
Renderer started with backend %s glxGraphicsPipe
│             22/350 │               2.58 │                 44 │              25.79 │              scn_3 │          0.rou.xml │ 964945235560182128 │ 17.22 - SingleAgent │
Renderer started with backend %s glxGraphicsPipe
│             23/350 │               2.30 │                 37 │              23.02 │              scn_3 │          0.rou.xml │ 964945235560182128 │ 12.99 - SingleAgent │
Renderer started with backend %s glxGraphicsPipe
│             24/350 │               2.79 │                 54 │              27.95 │              scn_3 │          0.rou.xml │ 964945235560182128 │ 18.90 - SingleAgent │
Renderer started with backend %s glxGraphicsPipe
│             25/350 │               2.88 │                 60 │              28.82 │              scn_3 │          0.rou.xml │ 964945235560182128 │ 40.83 - SingleAgent │
Renderer started with backend %s glxGraphicsPipe
│             26/350 │               3.08 │                 71 │              30.79 │              scn_3 │          0.rou.xml │ 964945235560182128 │ 28.80 - SingleAgent │
Renderer started with backend %s glxGraphicsPipe
│             27/350 │               2.54 │                 48 │              25.40 │              scn_3 │          0.rou.xml │ 964945235560182128 │ 39.40 - SingleAgent │
Renderer started with backend %s glxGraphicsPipe
│             28/350 │               3.86 │                137 │              38.59 │              scn_3 │          0.rou.xml │ 964945235560182128 │ 179.68 - SingleAgent │
Renderer started with backend %s glxGraphicsPipe
│             29/350 │               2.79 │                 58 │              27.86 │              scn_3 │          0.rou.xml │ 964945235560182128 │ 23.03 - SingleAgent │
Renderer started with backend %s glxGraphicsPipe
│             30/350 │               1.74 │                 27 │              17.43 │              scn_3 │          0.rou.xml │ 964945235560182128 │ 9.63 - SingleAgent │
Renderer started with backend %s glxGraphicsPipe
│             31/350 │               2.96 │                 69 │              29.64 │              scn_3 │          0.rou.xml │ 964945235560182128 │ 54.47 - SingleAgent │
Renderer started with backend %s glxGraphicsPipe
│             32/350 │               3.41 │                101 │              34.06 │              scn_3 │          0.rou.xml │ 964945235560182128 │ 137.74 - SingleAgent │
Renderer started with backend %s glxGraphicsPipe
│             33/350 │               2.64 │                 58 │              26.35 │              scn_3 │          0.rou.xml │ 964945235560182128 │ 45.25 - SingleAgent │
Renderer started with backend %s glxGraphicsPipe
│             34/350 │               2.72 │                 66 │              27.19 │              scn_3 │          0.rou.xml │ 964945235560182128 │ 49.76 - SingleAgent │
Renderer started with backend %s glxGraphicsPipe
│             35/350 │               2.21 │                 43 │              22.12 │              scn_3 │          0.rou.xml │ 964945235560182128 │ 15.24 - SingleAgent │
Renderer started with backend %s glxGraphicsPipe
│             36/350 │               2.89 │                 80 │              28.88 │              scn_3 │          0.rou.xml │ 964945235560182128 │ 57.83 - SingleAgent │
Renderer started with backend %s glxGraphicsPipe
│             37/350 │               1.84 │                 34 │              18.42 │              scn_3 │          0.rou.xml │ 964945235560182128 │ 10.18 - SingleAgent │
Renderer started with backend %s glxGraphicsPipe
│             38/350 │               2.16 │                 43 │              21.55 │              scn_3 │          0.rou.xml │ 964945235560182128 │ 37.35 - SingleAgent │
Renderer started with backend %s glxGraphicsPipe
│             39/350 │               2.66 │                 66 │              26.59 │              scn_3 │          0.rou.xml │ 964945235560182128 │ 47.21 - SingleAgent │
Renderer started with backend %s glxGraphicsPipe
│             40/350 │               2.01 │                 41 │              20.10 │              scn_3 │          0.rou.xml │ 964945235560182128 │ 15.38 - SingleAgent │
Renderer started with backend %s glxGraphicsPipe
│             41/350 │               3.36 │                108 │              33.57 │              scn_3 │          0.rou.xml │ 964945235560182128 │ 62.86 - SingleAgent │
Renderer started with backend %s glxGraphicsPipe
│             42/350 │               2.36 │                 54 │              23.64 │              scn_3 │          0.rou.xml │ 964945235560182128 │ 38.52 - SingleAgent │
Renderer started with backend %s glxGraphicsPipe
│             43/350 │               2.91 │                 86 │              29.12 │              scn_3 │          0.rou.xml │ 964945235560182128 │ 60.65 - SingleAgent │
Renderer started with backend %s glxGraphicsPipe
│             44/350 │               2.09 │                 45 │              20.87 │              scn_3 │          0.rou.xml │ 964945235560182128 │ 14.68 - SingleAgent │
Renderer started with backend %s glxGraphicsPipe
│             45/350 │               3.16 │                 97 │              31.64 │              scn_3 │          0.rou.xml │ 964945235560182128 │ 81.41 - SingleAgent │
Renderer started with backend %s glxGraphicsPipe
│             46/350 │               2.74 │                 78 │              27.39 │              scn_3 │          0.rou.xml │ 964945235560182128 │ 59.81 - SingleAgent │
Renderer started with backend %s glxGraphicsPipe
│             47/350 │               3.42 │                120 │              34.17 │              scn_3 │          0.rou.xml │ 964945235560182128 │ 113.35 - SingleAgent │
Renderer started with backend %s glxGraphicsPipe
│             48/350 │               2.60 │                 67 │              26.04 │              scn_3 │          0.rou.xml │ 964945235560182128 │ 43.97 - SingleAgent │
Renderer started with backend %s glxGraphicsPipe
│             49/350 │               3.48 │                145 │              34.84 │              scn_3 │          0.rou.xml │ 964945235560182128 │ 159.79 - SingleAgent │
Renderer started with backend %s glxGraphicsPipe
│             50/350 │               3.33 │                147 │              33.34 │              scn_3 │          0.rou.xml │ 964945235560182128 │ 204.55 - SingleAgent │
Renderer started with backend %s glxGraphicsPipe
│             51/350 │               3.30 │                135 │              33.02 │              scn_3 │          0.rou.xml │ 964945235560182128 │ 156.20 - SingleAgent │
Renderer started with backend %s glxGraphicsPipe
│             52/350 │               2.32 │                 66 │              23.21 │              scn_3 │          0.rou.xml │ 964945235560182128 │ 53.36 - SingleAgent │
Renderer started with backend %s glxGraphicsPipe
│             53/350 │               2.27 │                 63 │              22.71 │              scn_3 │          0.rou.xml │ 964945235560182128 │ 57.35 - SingleAgent │
Renderer started with backend %s glxGraphicsPipe
│             54/350 │               2.70 │                 88 │              26.98 │              scn_3 │          0.rou.xml │ 964945235560182128 │ 37.96 - SingleAgent │
Renderer started with backend %s glxGraphicsPipe
│             55/350 │               3.23 │                128 │              32.30 │              scn_3 │          0.rou.xml │ 964945235560182128 │ 69.28 - SingleAgent │
Renderer started with backend %s glxGraphicsPipe
│             56/350 │               1.16 │                 25 │              11.64 │              scn_3 │          0.rou.xml │ 964945235560182128 │ 8.92 - SingleAgent │
Renderer started with backend %s glxGraphicsPipe
│             57/350 │               2.16 │                 62 │              21.59 │              scn_3 │          0.rou.xml │ 964945235560182128 │ 43.55 - SingleAgent │
Renderer started with backend %s glxGraphicsPipe
│             58/350 │               2.28 │                 67 │              22.83 │              scn_3 │          0.rou.xml │ 964945235560182128 │ 47.52 - SingleAgent │
Renderer started with backend %s glxGraphicsPipe
│             59/350 │               3.28 │                152 │              32.81 │              scn_3 │          0.rou.xml │ 964945235560182128 │ 157.64 - SingleAgent │
Renderer started with backend %s glxGraphicsPipe
│             60/350 │               1.79 │                 47 │              17.94 │              scn_3 │          0.rou.xml │ 964945235560182128 │ 42.49 - SingleAgent │
Renderer started with backend %s glxGraphicsPipe
│             61/350 │               2.67 │                 93 │              26.68 │              scn_3 │          0.rou.xml │ 964945235560182128 │ 56.32 - SingleAgent │
Renderer started with backend %s glxGraphicsPipe
│             62/350 │               2.90 │                113 │              28.99 │              scn_3 │          0.rou.xml │ 964945235560182128 │ 92.50 - SingleAgent │
Renderer started with backend %s glxGraphicsPipe
│             63/350 │               2.65 │                 94 │              26.51 │              scn_3 │          0.rou.xml │ 964945235560182128 │ 75.94 - SingleAgent │
Renderer started with backend %s glxGraphicsPipe
│             64/350 │               3.14 │                131 │              31.44 │              scn_3 │          0.rou.xml │ 964945235560182128 │ 106.97 - SingleAgent │
Renderer started with backend %s glxGraphicsPipe
│             65/350 │               2.09 │                 65 │              20.89 │              scn_3 │          0.rou.xml │ 964945235560182128 │ 41.39 - SingleAgent │
Renderer started with backend %s glxGraphicsPipe
│             66/350 │               1.74 │                 50 │              17.44 │              scn_3 │          0.rou.xml │ 964945235560182128 │ 18.87 - SingleAgent │
Renderer started with backend %s glxGraphicsPipe
│             67/350 │               2.06 │                 65 │              20.64 │              scn_3 │          0.rou.xml │ 964945235560182128 │ 48.52 - SingleAgent │
Renderer started with backend %s glxGraphicsPipe
│             68/350 │               2.44 │                 85 │              24.36 │              scn_3 │          0.rou.xml │ 964945235560182128 │ 62.46 - SingleAgent │
Renderer started with backend %s glxGraphicsPipe
│             69/350 │               1.71 │                 50 │              17.13 │              scn_3 │          0.rou.xml │ 964945235560182128 │ 35.74 - SingleAgent │
Renderer started with backend %s glxGraphicsPipe
│             70/350 │               1.96 │                 64 │              19.56 │              scn_3 │          0.rou.xml │ 964945235560182128 │ 47.15 - SingleAgent │
Renderer started with backend %s glxGraphicsPipe
│             71/350 │               0.88 │                 21 │               8.76 │              scn_3 │          0.rou.xml │ 964945235560182128 │ 6.91 - SingleAgent │
Renderer started with backend %s glxGraphicsPipe
│             72/350 │               1.88 │                 61 │              18.78 │              scn_3 │          0.rou.xml │ 964945235560182128 │ 42.99 - SingleAgent │
Renderer started with backend %s glxGraphicsPipe
│             73/350 │               2.10 │                 71 │              21.01 │              scn_3 │          0.rou.xml │ 964945235560182128 │ 53.33 - SingleAgent │
Renderer started with backend %s glxGraphicsPipe
│             74/350 │               0.98 │                 25 │               9.76 │              scn_3 │          0.rou.xml │ 964945235560182128 │ 8.46 - SingleAgent │
Renderer started with backend %s glxGraphicsPipe
│             75/350 │               1.74 │                 54 │              17.37 │              scn_3 │          0.rou.xml │ 964945235560182128 │ 40.14 - SingleAgent │
Renderer started with backend %s glxGraphicsPipe
│             76/350 │               1.99 │                 65 │              19.89 │              scn_3 │          0.rou.xml │ 964945235560182128 │ 46.07 - SingleAgent │
Renderer started with backend %s glxGraphicsPipe
│             77/350 │               1.88 │                 63 │              18.76 │              scn_3 │          0.rou.xml │ 964945235560182128 │ 45.42 - SingleAgent │
Renderer started with backend %s glxGraphicsPipe
│             78/350 │               2.02 │                 67 │              20.17 │              scn_3 │          0.rou.xml │ 964945235560182128 │ 49.63 - SingleAgent │
Renderer started with backend %s glxGraphicsPipe
│             79/350 │               1.71 │                 54 │              17.06 │              scn_3 │          0.rou.xml │ 964945235560182128 │ 38.26 - SingleAgent │
Renderer started with backend %s glxGraphicsPipe
│             80/350 │               1.73 │                 56 │              17.27 │              scn_3 │          0.rou.xml │ 964945235560182128 │ 41.77 - SingleAgent │
Renderer started with backend %s glxGraphicsPipe
│             81/350 │               1.73 │                 56 │              17.35 │              scn_3 │          0.rou.xml │ 964945235560182128 │ 40.62 - SingleAgent │
Renderer started with backend %s glxGraphicsPipe
│             82/350 │               1.78 │                 59 │              17.83 │              scn_3 │          0.rou.xml │ 964945235560182128 │ 42.01 - SingleAgent │
Renderer started with backend %s glxGraphicsPipe
│             83/350 │               1.93 │                 65 │              19.26 │              scn_3 │          0.rou.xml │ 964945235560182128 │ 44.49 - SingleAgent │
Renderer started with backend %s glxGraphicsPipe
│             84/350 │               2.00 │                 72 │              20.05 │              scn_3 │          0.rou.xml │ 964945235560182128 │ 51.62 - SingleAgent │
Renderer started with backend %s glxGraphicsPipe
│             85/350 │               1.63 │                 54 │              16.28 │              scn_3 │          0.rou.xml │ 964945235560182128 │ 38.15 - SingleAgent │
Renderer started with backend %s glxGraphicsPipe
│             86/350 │               1.52 │                 49 │              15.24 │              scn_3 │          0.rou.xml │ 964945235560182128 │ 36.19 - SingleAgent │
Renderer started with backend %s glxGraphicsPipe
│             87/350 │               2.15 │                 81 │              21.51 │              scn_3 │          0.rou.xml │ 964945235560182128 │ 56.93 - SingleAgent │
Renderer started with backend %s glxGraphicsPipe
│             88/350 │               0.86 │                 24 │               8.59 │              scn_3 │          0.rou.xml │ 964945235560182128 │ 7.90 - SingleAgent │
Renderer started with backend %s glxGraphicsPipe
│             89/350 │               1.61 │                 53 │              16.10 │              scn_3 │          0.rou.xml │ 964945235560182128 │ 37.86 - SingleAgent │
Renderer started with backend %s glxGraphicsPipe
│             90/350 │               1.99 │                 72 │              19.85 │              scn_3 │          0.rou.xml │ 964945235560182128 │ 57.21 - SingleAgent │
Renderer started with backend %s glxGraphicsPipe
│             91/350 │               1.93 │                 70 │              19.27 │              scn_3 │          0.rou.xml │ 964945235560182128 │ 49.58 - SingleAgent │
Renderer started with backend %s glxGraphicsPipe
│             92/350 │               0.89 │                 25 │               8.86 │              scn_3 │          0.rou.xml │ 964945235560182128 │ 8.46 - SingleAgent │
Renderer started with backend %s glxGraphicsPipe
│             93/350 │               1.57 │                 53 │              15.74 │              scn_3 │          0.rou.xml │ 964945235560182128 │ 37.87 - SingleAgent │
Renderer started with backend %s glxGraphicsPipe
│             94/350 │               2.03 │                 75 │              20.30 │              scn_3 │          0.rou.xml │ 964945235560182128 │ 30.38 - SingleAgent │
Renderer started with backend %s glxGraphicsPipe
│             95/350 │               1.58 │                 52 │              15.84 │              scn_3 │          0.rou.xml │ 964945235560182128 │ 36.95 - SingleAgent │
Renderer started with backend %s glxGraphicsPipe
│             96/350 │               1.53 │                 51 │              15.35 │              scn_3 │          0.rou.xml │ 964945235560182128 │ 37.01 - SingleAgent │
Renderer started with backend %s glxGraphicsPipe
│             97/350 │               1.67 │                 58 │              16.67 │              scn_3 │          0.rou.xml │ 964945235560182128 │ 43.08 - SingleAgent │
Renderer started with backend %s glxGraphicsPipe
│             98/350 │               2.32 │                101 │              23.15 │              scn_3 │          0.rou.xml │ 964945235560182128 │ 64.64 - SingleAgent │
Renderer started with backend %s glxGraphicsPipe
│             99/350 │               1.60 │                 57 │              16.00 │              scn_3 │          0.rou.xml │ 964945235560182128 │ 39.85 - SingleAgent │
Renderer started with backend %s glxGraphicsPipe
│            100/350 │               0.85 │                 25 │               8.53 │              scn_3 │          0.rou.xml │ 964945235560182128 │ 8.56 - SingleAgent │
Renderer started with backend %s glxGraphicsPipe
│            101/350 │               1.66 │                 58 │              16.59 │              scn_3 │          0.rou.xml │ 964945235560182128 │ 40.34 - SingleAgent │
Renderer started with backend %s glxGraphicsPipe
│            102/350 │               1.47 │                 53 │              14.75 │              scn_3 │          0.rou.xml │ 964945235560182128 │ 38.01 - SingleAgent │
Renderer started with backend %s glxGraphicsPipe
│            103/350 │               1.60 │                 59 │              15.96 │              scn_3 │          0.rou.xml │ 964945235560182128 │ 46.05 - SingleAgent │
Renderer started with backend %s glxGraphicsPipe
│            104/350 │               1.62 │                 59 │              16.21 │              scn_3 │          0.rou.xml │ 964945235560182128 │ 44.34 - SingleAgent │
Renderer started with backend %s glxGraphicsPipe
│            105/350 │               1.52 │                 53 │              15.17 │              scn_3 │          0.rou.xml │ 964945235560182128 │ 37.84 - SingleAgent │
Renderer started with backend %s glxGraphicsPipe
│            106/350 │               1.63 │                 62 │              16.34 │              scn_3 │          0.rou.xml │ 964945235560182128 │ 44.41 - SingleAgent │
Renderer started with backend %s glxGraphicsPipe
│            107/350 │               0.96 │                 30 │               9.64 │              scn_3 │          0.rou.xml │ 964945235560182128 │ 10.66 - SingleAgent │
Renderer started with backend %s glxGraphicsPipe
│            108/350 │               1.47 │                 54 │              14.73 │              scn_3 │          0.rou.xml │ 964945235560182128 │ 44.66 - SingleAgent │
Renderer started with backend %s glxGraphicsPipe
│            109/350 │               2.46 │                115 │              24.59 │              scn_3 │          0.rou.xml │ 964945235560182128 │ 64.12 - SingleAgent │
Renderer started with backend %s glxGraphicsPipe
│            110/350 │               1.92 │                 80 │              19.21 │              scn_3 │          0.rou.xml │ 964945235560182128 │ 77.81 - SingleAgent │
Renderer started with backend %s glxGraphicsPipe
│            111/350 │               2.00 │                 85 │              19.98 │              scn_3 │          0.rou.xml │ 964945235560182128 │ 104.73 - SingleAgent │
Renderer started with backend %s glxGraphicsPipe
│            112/350 │               0.91 │                 30 │               9.13 │              scn_3 │          0.rou.xml │ 964945235560182128 │ 9.84 - SingleAgent │
Renderer started with backend %s glxGraphicsPipe
│            113/350 │               1.55 │                 59 │              15.54 │              scn_3 │          0.rou.xml │ 964945235560182128 │ 40.83 - SingleAgent │
Renderer started with backend %s glxGraphicsPipe
│            114/350 │               0.73 │                 23 │               7.33 │              scn_3 │          0.rou.xml │ 964945235560182128 │ 7.80 - SingleAgent │
Renderer started with backend %s glxGraphicsPipe
│            115/350 │               1.99 │                 87 │              19.92 │              scn_3 │          0.rou.xml │ 964945235560182128 │ 76.59 - SingleAgent │
Renderer started with backend %s glxGraphicsPipe
│            116/350 │               1.62 │                 65 │              16.16 │              scn_3 │          0.rou.xml │ 964945235560182128 │ 42.19 - SingleAgent │
Renderer started with backend %s glxGraphicsPipe
│            117/350 │               1.44 │                 55 │              14.41 │              scn_3 │          0.rou.xml │ 964945235560182128 │ 38.62 - SingleAgent │
Renderer started with backend %s glxGraphicsPipe
│            118/350 │               0.83 │                 27 │               8.29 │              scn_3 │          0.rou.xml │ 964945235560182128 │ 9.07 - SingleAgent │
Renderer started with backend %s glxGraphicsPipe
│            119/350 │               2.03 │                 91 │              20.29 │              scn_3 │          0.rou.xml │ 964945235560182128 │ 74.38 - SingleAgent │
Renderer started with backend %s glxGraphicsPipe
│            120/350 │               1.52 │                 60 │              15.19 │              scn_3 │          0.rou.xml │ 964945235560182128 │ 42.27 - SingleAgent │
Renderer started with backend %s glxGraphicsPipe
│            121/350 │               1.54 │                 60 │              15.38 │              scn_3 │          0.rou.xml │ 964945235560182128 │ 49.53 - SingleAgent │
Renderer started with backend %s glxGraphicsPipe
│            122/350 │               2.72 │                151 │              27.24 │              scn_3 │          0.rou.xml │ 964945235560182128 │ 124.27 - SingleAgent │
Renderer started with backend %s glxGraphicsPipe
│            123/350 │               2.27 │                109 │              22.72 │              scn_3 │          0.rou.xml │ 964945235560182128 │ 90.79 - SingleAgent │
Renderer started with backend %s glxGraphicsPipe
│            124/350 │               1.43 │                 59 │              14.34 │              scn_3 │          0.rou.xml │ 964945235560182128 │ 40.55 - SingleAgent │
Renderer started with backend %s glxGraphicsPipe
│            125/350 │               1.65 │                 69 │              16.55 │              scn_3 │          0.rou.xml │ 964945235560182128 │ 45.44 - SingleAgent │
Renderer started with backend %s glxGraphicsPipe
│            126/350 │               3.16 │                199 │              31.55 │              scn_3 │          0.rou.xml │ 964945235560182128 │ 67.08 - SingleAgent │
Renderer started with backend %s glxGraphicsPipe
│            127/350 │               1.98 │                 92 │              19.79 │              scn_3 │          0.rou.xml │ 964945235560182128 │ 78.70 - SingleAgent │
Renderer started with backend %s glxGraphicsPipe
│            128/350 │               1.66 │                 74 │              16.60 │              scn_3 │          0.rou.xml │ 964945235560182128 │ 54.60 - SingleAgent │
Renderer started with backend %s glxGraphicsPipe
│            129/350 │               2.15 │                109 │              21.52 │              scn_3 │          0.rou.xml │ 964945235560182128 │ 90.79 - SingleAgent │
Renderer started with backend %s glxGraphicsPipe
│            130/350 │               1.56 │                 69 │              15.61 │              scn_3 │          0.rou.xml │ 964945235560182128 │ 49.82 - SingleAgent │
Renderer started with backend %s glxGraphicsPipe
│            131/350 │               1.82 │                 86 │              18.17 │              scn_3 │          0.rou.xml │ 964945235560182128 │ 52.99 - SingleAgent │
Renderer started with backend %s glxGraphicsPipe
│            132/350 │               2.00 │                103 │              20.02 │              scn_3 │          0.rou.xml │ 964945235560182128 │ 84.01 - SingleAgent │
Renderer started with backend %s glxGraphicsPipe
│            133/350 │               2.14 │                109 │              21.36 │              scn_3 │          0.rou.xml │ 964945235560182128 │ 90.79 - SingleAgent │
Renderer started with backend %s glxGraphicsPipe
│            134/350 │               2.03 │                 99 │              20.28 │              scn_3 │          0.rou.xml │ 964945235560182128 │ 81.87 - SingleAgent │
Renderer started with backend %s glxGraphicsPipe
│            135/350 │               2.13 │                109 │              21.32 │              scn_3 │          0.rou.xml │ 964945235560182128 │ 90.79 - SingleAgent │
Renderer started with backend %s glxGraphicsPipe
│            136/350 │               1.65 │                 78 │              16.46 │              scn_3 │          0.rou.xml │ 964945235560182128 │ 49.32 - SingleAgent │
Renderer started with backend %s glxGraphicsPipe
│            137/350 │               2.03 │                109 │              20.25 │              scn_3 │          0.rou.xml │ 964945235560182128 │ 90.79 - SingleAgent │
Renderer started with backend %s glxGraphicsPipe
│            138/350 │               2.11 │                109 │              21.11 │              scn_3 │          0.rou.xml │ 964945235560182128 │ 90.79 - SingleAgent │
Renderer started with backend %s glxGraphicsPipe
│            139/350 │               0.54 │                 20 │               5.42 │              scn_3 │          0.rou.xml │ 964945235560182128 │ 6.35 - SingleAgent │
Renderer started with backend %s glxGraphicsPipe
│            140/350 │               2.84 │                181 │              28.42 │              scn_3 │          0.rou.xml │ 964945235560182128 │ 90.24 - SingleAgent │
Renderer started with backend %s glxGraphicsPipe
│            141/350 │               2.12 │                119 │              21.17 │              scn_3 │          0.rou.xml │ 964945235560182128 │ 86.89 - SingleAgent │
Renderer started with backend %s glxGraphicsPipe
│            142/350 │               0.51 │                 20 │               5.15 │              scn_3 │          0.rou.xml │ 964945235560182128 │ 6.36 - SingleAgent │
Renderer started with backend %s glxGraphicsPipe
│            143/350 │               0.54 │                 20 │               5.37 │              scn_3 │          0.rou.xml │ 964945235560182128 │ 6.36 - SingleAgent │
Renderer started with backend %s glxGraphicsPipe
│            144/350 │               1.81 │                 94 │              18.10 │              scn_3 │          0.rou.xml │ 964945235560182128 │ 82.75 - SingleAgent │
Renderer started with backend %s glxGraphicsPipe
│            145/350 │               1.88 │                104 │              18.76 │              scn_3 │          0.rou.xml │ 964945235560182128 │ 87.33 - SingleAgent │
Renderer started with backend %s glxGraphicsPipe
│            146/350 │               0.53 │                 21 │               5.27 │              scn_3 │          0.rou.xml │ 964945235560182128 │ 6.60 - SingleAgent │
Renderer started with backend %s glxGraphicsPipe
│            147/350 │               1.25 │                 58 │              12.48 │              scn_3 │          0.rou.xml │ 964945235560182128 │ 81.56 - SingleAgent │
Renderer started with backend %s glxGraphicsPipe
│            148/350 │               2.98 │                199 │              29.82 │              scn_3 │          0.rou.xml │ 964945235560182128 │ 90.47 - SingleAgent │
Renderer started with backend %s glxGraphicsPipe
│            149/350 │               1.01 │                 45 │              10.05 │              scn_3 │          0.rou.xml │ 964945235560182128 │ 40.30 - SingleAgent │
Renderer started with backend %s glxGraphicsPipe
│            150/350 │               2.86 │                199 │              28.56 │              scn_3 │          0.rou.xml │ 964945235560182128 │ 120.02 - SingleAgent │
Renderer started with backend %s glxGraphicsPipe
│            151/350 │               2.80 │                199 │              27.95 │              scn_3 │          0.rou.xml │ 964945235560182128 │ 144.16 - SingleAgent │
Renderer started with backend %s glxGraphicsPipe
│            152/350 │               2.72 │                199 │              27.19 │              scn_3 │          0.rou.xml │ 964945235560182128 │ 159.70 - SingleAgent │
Renderer started with backend %s glxGraphicsPipe
│            153/350 │               1.75 │                 97 │              17.46 │              scn_3 │          0.rou.xml │ 964945235560182128 │ 90.36 - SingleAgent │
Renderer started with backend %s glxGraphicsPipe
│            154/350 │               2.81 │                199 │              28.06 │              scn_3 │          0.rou.xml │ 964945235560182128 │ 115.61 - SingleAgent │
Renderer started with backend %s glxGraphicsPipe
│            155/350 │               1.26 │                 64 │              12.59 │              scn_3 │          0.rou.xml │ 964945235560182128 │ 47.32 - SingleAgent │
Renderer started with backend %s glxGraphicsPipe
│            156/350 │               2.73 │                199 │              27.29 │              scn_3 │          0.rou.xml │ 964945235560182128 │ 97.44 - SingleAgent │
Renderer started with backend %s glxGraphicsPipe
│            157/350 │               2.75 │                199 │              27.49 │              scn_3 │          0.rou.xml │ 964945235560182128 │ 105.69 - SingleAgent │
Renderer started with backend %s glxGraphicsPipe
│            158/350 │               2.70 │                199 │              27.01 │              scn_3 │          0.rou.xml │ 964945235560182128 │ 108.08 - SingleAgent │
Renderer started with backend %s glxGraphicsPipe
│            159/350 │               2.65 │                199 │              26.48 │              scn_3 │          0.rou.xml │ 964945235560182128 │ 117.83 - SingleAgent │
Renderer started with backend %s glxGraphicsPipe
│            160/350 │               2.69 │                199 │              26.93 │              scn_3 │          0.rou.xml │ 964945235560182128 │ 144.87 - SingleAgent │
Renderer started with backend %s glxGraphicsPipe
│            161/350 │               2.16 │                142 │              21.57 │              scn_3 │          0.rou.xml │ 964945235560182128 │ 142.94 - SingleAgent │
Renderer started with backend %s glxGraphicsPipe
│            162/350 │               2.67 │                199 │              26.72 │              scn_3 │          0.rou.xml │ 964945235560182128 │ 144.87 - SingleAgent │
Renderer started with backend %s glxGraphicsPipe
│            163/350 │               2.63 │                199 │              26.33 │              scn_3 │          0.rou.xml │ 964945235560182128 │ 144.87 - SingleAgent │
Renderer started with backend %s glxGraphicsPipe
│            164/350 │               2.50 │                199 │              25.04 │              scn_3 │          0.rou.xml │ 964945235560182128 │ 146.02 - SingleAgent │
Renderer started with backend %s glxGraphicsPipe
│            165/350 │               2.55 │                199 │              25.55 │              scn_3 │          0.rou.xml │ 964945235560182128 │ 144.87 - SingleAgent │
Renderer started with backend %s glxGraphicsPipe
│            166/350 │               1.98 │                140 │              19.77 │              scn_3 │          0.rou.xml │ 964945235560182128 │ 128.41 - SingleAgent │
Renderer started with backend %s glxGraphicsPipe
│            167/350 │               2.56 │                199 │              25.57 │              scn_3 │          0.rou.xml │ 964945235560182128 │ 144.87 - SingleAgent │
Renderer started with backend %s glxGraphicsPipe
│            168/350 │               1.76 │                119 │              17.60 │              scn_3 │          0.rou.xml │ 964945235560182128 │ 116.71 - SingleAgent │
Renderer started with backend %s glxGraphicsPipe
│            169/350 │               2.45 │                199 │              24.47 │              scn_3 │          0.rou.xml │ 964945235560182128 │ 157.68 - SingleAgent │
Renderer started with backend %s glxGraphicsPipe
│            170/350 │               2.25 │                171 │              22.50 │              scn_3 │          0.rou.xml │ 964945235560182128 │ 155.68 - SingleAgent │
Renderer started with backend %s glxGraphicsPipe
│            171/350 │               2.54 │                199 │              25.42 │              scn_3 │          0.rou.xml │ 964945235560182128 │ 144.79 - SingleAgent │
Renderer started with backend %s glxGraphicsPipe
│            172/350 │               2.51 │                199 │              25.10 │              scn_3 │          0.rou.xml │ 964945235560182128 │ 170.36 - SingleAgent │
Renderer started with backend %s glxGraphicsPipe
│            173/350 │               2.49 │                199 │              24.86 │              scn_3 │          0.rou.xml │ 964945235560182128 │ 144.87 - SingleAgent │
Renderer started with backend %s glxGraphicsPipe
│            174/350 │               1.62 │                110 │              16.17 │              scn_3 │          0.rou.xml │ 964945235560182128 │ 116.96 - SingleAgent │
Renderer started with backend %s glxGraphicsPipe
│            175/350 │               2.45 │                199 │              24.51 │              scn_3 │          0.rou.xml │ 964945235560182128 │ 144.87 - SingleAgent │
Renderer started with backend %s glxGraphicsPipe
│            176/350 │               2.07 │                162 │              20.74 │              scn_3 │          0.rou.xml │ 964945235560182128 │ 146.09 - SingleAgent │
Renderer started with backend %s glxGraphicsPipe
│            177/350 │               1.98 │                151 │              19.77 │              scn_3 │          0.rou.xml │ 964945235560182128 │ 141.09 - SingleAgent │
Renderer started with backend %s glxGraphicsPipe
│            178/350 │               2.32 │                199 │              23.23 │              scn_3 │          0.rou.xml │ 964945235560182128 │ 144.87 - SingleAgent │
Renderer started with backend %s glxGraphicsPipe
│            179/350 │               2.36 │                199 │              23.64 │              scn_3 │          0.rou.xml │ 964945235560182128 │ 144.87 - SingleAgent │
Renderer started with backend %s glxGraphicsPipe
│            180/350 │               1.12 │                 73 │              11.16 │              scn_3 │          0.rou.xml │ 964945235560182128 │ 74.38 - SingleAgent │
Renderer started with backend %s glxGraphicsPipe
│            181/350 │               2.07 │                168 │              20.72 │              scn_3 │          0.rou.xml │ 964945235560182128 │ 142.50 - SingleAgent │
Renderer started with backend %s glxGraphicsPipe
│            182/350 │               1.70 │                127 │              17.01 │              scn_3 │          0.rou.xml │ 964945235560182128 │ 136.25 - SingleAgent │
Renderer started with backend %s glxGraphicsPipe
│            183/350 │               1.83 │                148 │              18.31 │              scn_3 │          0.rou.xml │ 964945235560182128 │ 170.38 - SingleAgent │
Renderer started with backend %s glxGraphicsPipe
│            184/350 │               1.51 │                113 │              15.08 │              scn_3 │          0.rou.xml │ 964945235560182128 │ 118.65 - SingleAgent │
Renderer started with backend %s glxGraphicsPipe
│            185/350 │               2.30 │                199 │              23.02 │              scn_3 │          0.rou.xml │ 964945235560182128 │ 144.87 - SingleAgent │
Renderer started with backend %s glxGraphicsPipe
│            186/350 │               1.68 │                130 │              16.83 │              scn_3 │          0.rou.xml │ 964945235560182128 │ 137.59 - SingleAgent │
Renderer started with backend %s glxGraphicsPipe
│            187/350 │               2.26 │                199 │              22.57 │              scn_3 │          0.rou.xml │ 964945235560182128 │ 158.46 - SingleAgent │
Renderer started with backend %s glxGraphicsPipe
│            188/350 │               1.60 │                122 │              15.97 │              scn_3 │          0.rou.xml │ 964945235560182128 │ 128.64 - SingleAgent │
Renderer started with backend %s glxGraphicsPipe
│            189/350 │               0.60 │                 38 │               6.02 │              scn_3 │          0.rou.xml │ 964945235560182128 │ 43.41 - SingleAgent │
Renderer started with backend %s glxGraphicsPipe
│            190/350 │               1.58 │                129 │              15.79 │              scn_3 │          0.rou.xml │ 964945235560182128 │ 132.12 - SingleAgent │
Renderer started with backend %s glxGraphicsPipe
│            191/350 │               2.23 │                199 │              22.34 │              scn_3 │          0.rou.xml │ 964945235560182128 │ 144.87 - SingleAgent │
Renderer started with backend %s glxGraphicsPipe
│            192/350 │               2.22 │                199 │              22.24 │              scn_3 │          0.rou.xml │ 964945235560182128 │ 144.87 - SingleAgent │
Renderer started with backend %s glxGraphicsPipe
│            193/350 │               1.85 │                163 │              18.51 │              scn_3 │          0.rou.xml │ 964945235560182128 │ 200.63 - SingleAgent │
Renderer started with backend %s glxGraphicsPipe
│            194/350 │               2.12 │                199 │              21.18 │              scn_3 │          0.rou.xml │ 964945235560182128 │ 156.00 - SingleAgent │
Renderer started with backend %s glxGraphicsPipe
│            195/350 │               2.15 │                199 │              21.50 │              scn_3 │          0.rou.xml │ 964945235560182128 │ 141.18 - SingleAgent │
Renderer started with backend %s glxGraphicsPipe
│            196/350 │               0.99 │                 71 │               9.92 │              scn_3 │          0.rou.xml │ 964945235560182128 │ 83.02 - SingleAgent │
Renderer started with backend %s glxGraphicsPipe
│            197/350 │               2.16 │                199 │              21.59 │              scn_3 │          0.rou.xml │ 964945235560182128 │ 142.42 - SingleAgent │
Renderer started with backend %s glxGraphicsPipe
│            198/350 │               2.14 │                199 │              21.35 │              scn_3 │          0.rou.xml │ 964945235560182128 │ 163.65 - SingleAgent │
Renderer started with backend %s glxGraphicsPipe
│            199/350 │               2.13 │                199 │              21.31 │              scn_3 │          0.rou.xml │ 964945235560182128 │ 145.11 - SingleAgent │
Renderer started with backend %s glxGraphicsPipe
│            200/350 │               1.57 │                133 │              15.71 │              scn_3 │          0.rou.xml │ 964945235560182128 │ 138.92 - SingleAgent │
Renderer started with backend %s glxGraphicsPipe
│            201/350 │               2.06 │                199 │              20.58 │              scn_3 │          0.rou.xml │ 964945235560182128 │ 158.81 - SingleAgent │
Renderer started with backend %s glxGraphicsPipe
│            202/350 │               0.98 │                 75 │               9.84 │              scn_3 │          0.rou.xml │ 964945235560182128 │ 84.86 - SingleAgent │
Renderer started with backend %s glxGraphicsPipe
│            203/350 │               1.40 │                114 │              13.95 │              scn_3 │          0.rou.xml │ 964945235560182128 │ 126.18 - SingleAgent │
Renderer started with backend %s glxGraphicsPipe
│            204/350 │               1.75 │                155 │              17.49 │              scn_3 │          0.rou.xml │ 964945235560182128 │ 145.19 - SingleAgent │
Renderer started with backend %s glxGraphicsPipe
│            205/350 │               2.06 │                199 │              20.63 │              scn_3 │          0.rou.xml │ 964945235560182128 │ 150.29 - SingleAgent │
Renderer started with backend %s glxGraphicsPipe
│            206/350 │               2.06 │                199 │              20.65 │              scn_3 │          0.rou.xml │ 964945235560182128 │ 144.87 - SingleAgent │
Renderer started with backend %s glxGraphicsPipe
│            207/350 │               2.01 │                199 │              20.10 │              scn_3 │          0.rou.xml │ 964945235560182128 │ 128.99 - SingleAgent │
Renderer started with backend %s glxGraphicsPipe
│            208/350 │               1.44 │                125 │              14.42 │              scn_3 │          0.rou.xml │ 964945235560182128 │ 131.80 - SingleAgent │
Renderer started with backend %s glxGraphicsPipe
│            209/350 │               1.27 │                108 │              12.73 │              scn_3 │          0.rou.xml │ 964945235560182128 │ 116.30 - SingleAgent │
Renderer started with backend %s glxGraphicsPipe
│            210/350 │               2.02 │                199 │              20.25 │              scn_3 │          0.rou.xml │ 964945235560182128 │ 164.06 - SingleAgent │
Renderer started with backend %s glxGraphicsPipe
│            211/350 │               2.01 │                199 │              20.14 │              scn_3 │          0.rou.xml │ 964945235560182128 │ 144.87 - SingleAgent │
Renderer started with backend %s glxGraphicsPipe
│            212/350 │               0.85 │                 68 │               8.52 │              scn_3 │          0.rou.xml │ 964945235560182128 │ 78.47 - SingleAgent │
Renderer started with backend %s glxGraphicsPipe
│            213/350 │               1.99 │                199 │              19.89 │              scn_3 │          0.rou.xml │ 964945235560182128 │ 144.87 - SingleAgent │
Renderer started with backend %s glxGraphicsPipe
│            214/350 │               1.93 │                199 │              19.26 │              scn_3 │          0.rou.xml │ 964945235560182128 │ 144.16 - SingleAgent │
Renderer started with backend %s glxGraphicsPipe
│            215/350 │               1.97 │                199 │              19.67 │              scn_3 │          0.rou.xml │ 964945235560182128 │ 144.87 - SingleAgent │
Renderer started with backend %s glxGraphicsPipe
│            216/350 │               1.94 │                199 │              19.36 │              scn_3 │          0.rou.xml │ 964945235560182128 │ 170.27 - SingleAgent │
Renderer started with backend %s glxGraphicsPipe
│            217/350 │               1.89 │                199 │              18.93 │              scn_3 │          0.rou.xml │ 964945235560182128 │ 155.49 - SingleAgent │
Renderer started with backend %s glxGraphicsPipe
│            218/350 │               1.94 │                199 │              19.42 │              scn_3 │          0.rou.xml │ 964945235560182128 │ 144.87 - SingleAgent │
Renderer started with backend %s glxGraphicsPipe
│            219/350 │               1.75 │                178 │              17.54 │              scn_3 │          0.rou.xml │ 964945235560182128 │ 155.72 - SingleAgent │
Renderer started with backend %s glxGraphicsPipe
│            220/350 │               1.92 │                199 │              19.16 │              scn_3 │          0.rou.xml │ 964945235560182128 │ 144.87 - SingleAgent │
Renderer started with backend %s glxGraphicsPipe
│            221/350 │               0.82 │                 70 │               8.23 │              scn_3 │          0.rou.xml │ 964945235560182128 │ 75.94 - SingleAgent │
Renderer started with backend %s glxGraphicsPipe
│            222/350 │               1.48 │                146 │              14.84 │              scn_3 │          0.rou.xml │ 964945235560182128 │ 89.93 - SingleAgent │
Renderer started with backend %s glxGraphicsPipe
│            223/350 │               1.71 │                177 │              17.15 │              scn_3 │          0.rou.xml │ 964945235560182128 │ 146.43 - SingleAgent │
Renderer started with backend %s glxGraphicsPipe
│            224/350 │               1.25 │                120 │              12.47 │              scn_3 │          0.rou.xml │ 964945235560182128 │ 118.48 - SingleAgent │
Renderer started with backend %s glxGraphicsPipe
│            225/350 │               1.87 │                199 │              18.66 │              scn_3 │          0.rou.xml │ 964945235560182128 │ 144.87 - SingleAgent │
Renderer started with backend %s glxGraphicsPipe
│            226/350 │               1.82 │                199 │              18.16 │              scn_3 │          0.rou.xml │ 964945235560182128 │ 154.77 - SingleAgent │
Renderer started with backend %s glxGraphicsPipe
│            227/350 │               1.12 │                107 │              11.23 │              scn_3 │          0.rou.xml │ 964945235560182128 │ 98.05 - SingleAgent │
Renderer started with backend %s glxGraphicsPipe
│            228/350 │               1.84 │                199 │              18.36 │              scn_3 │          0.rou.xml │ 964945235560182128 │ 143.11 - SingleAgent │
Renderer started with backend %s glxGraphicsPipe
│            229/350 │               1.81 │                199 │              18.12 │              scn_3 │          0.rou.xml │ 964945235560182128 │ 139.58 - SingleAgent │
Renderer started with backend %s glxGraphicsPipe
│            230/350 │               1.22 │                121 │              12.21 │              scn_3 │          0.rou.xml │ 964945235560182128 │ 133.79 - SingleAgent │
Renderer started with backend %s glxGraphicsPipe
│            231/350 │               1.20 │                116 │              11.96 │              scn_3 │          0.rou.xml │ 964945235560182128 │ 133.54 - SingleAgent │
Renderer started with backend %s glxGraphicsPipe
│            232/350 │               1.80 │                199 │              18.02 │              scn_3 │          0.rou.xml │ 964945235560182128 │ 144.83 - SingleAgent │
Renderer started with backend %s glxGraphicsPipe
│            233/350 │               1.89 │                199 │              18.85 │              scn_3 │          0.rou.xml │ 964945235560182128 │ 144.58 - SingleAgent │
Renderer started with backend %s glxGraphicsPipe
│            234/350 │               1.28 │                128 │              12.82 │              scn_3 │          0.rou.xml │ 964945235560182128 │ 136.72 - SingleAgent │
Renderer started with backend %s glxGraphicsPipe
│            235/350 │               1.78 │                199 │              17.80 │              scn_3 │          0.rou.xml │ 964945235560182128 │ 170.04 - SingleAgent │
Renderer started with backend %s glxGraphicsPipe
│            236/350 │               1.76 │                199 │              17.62 │              scn_3 │          0.rou.xml │ 964945235560182128 │ 144.87 - SingleAgent │
Renderer started with backend %s glxGraphicsPipe
│            237/350 │               1.74 │                199 │              17.39 │              scn_3 │          0.rou.xml │ 964945235560182128 │ 154.79 - SingleAgent │
Renderer started with backend %s glxGraphicsPipe
│            238/350 │               0.59 │                 53 │               5.94 │              scn_3 │          0.rou.xml │ 964945235560182128 │ 48.18 - SingleAgent │
Renderer started with backend %s glxGraphicsPipe
│            239/350 │               1.40 │                149 │              13.96 │              scn_3 │          0.rou.xml │ 964945235560182128 │ 142.51 - SingleAgent │
Renderer started with backend %s glxGraphicsPipe
│            240/350 │               0.77 │                 73 │               7.73 │              scn_3 │          0.rou.xml │ 964945235560182128 │ 81.08 - SingleAgent │
Renderer started with backend %s glxGraphicsPipe
│            241/350 │               1.76 │                199 │              17.58 │              scn_3 │          0.rou.xml │ 964945235560182128 │ 144.87 - SingleAgent │
Renderer started with backend %s glxGraphicsPipe
│            242/350 │               0.73 │                 70 │               7.34 │              scn_3 │          0.rou.xml │ 964945235560182128 │ 73.03 - SingleAgent │
Renderer started with backend %s glxGraphicsPipe
│            243/350 │               1.69 │                199 │              16.93 │              scn_3 │          0.rou.xml │ 964945235560182128 │ 157.22 - SingleAgent │
Renderer started with backend %s glxGraphicsPipe
│            244/350 │               1.71 │                199 │              17.14 │              scn_3 │          0.rou.xml │ 964945235560182128 │ 144.87 - SingleAgent │
Renderer started with backend %s glxGraphicsPipe
│            245/350 │               1.06 │                110 │              10.59 │              scn_3 │          0.rou.xml │ 964945235560182128 │ 128.68 - SingleAgent │
Renderer started with backend %s glxGraphicsPipe
│            246/350 │               0.83 │                 81 │               8.28 │              scn_3 │          0.rou.xml │ 964945235560182128 │ 89.87 - SingleAgent │
Renderer started with backend %s glxGraphicsPipe
│            247/350 │               0.73 │                 70 │               7.30 │              scn_3 │          0.rou.xml │ 964945235560182128 │ 79.30 - SingleAgent │
Renderer started with backend %s glxGraphicsPipe
│            248/350 │               1.70 │                199 │              17.03 │              scn_3 │          0.rou.xml │ 964945235560182128 │ 144.87 - SingleAgent │
Renderer started with backend %s glxGraphicsPipe
│            249/350 │               0.38 │                 35 │               3.82 │              scn_3 │          0.rou.xml │ 964945235560182128 │ 35.48 - SingleAgent │
Renderer started with backend %s glxGraphicsPipe
│            250/350 │               1.09 │                116 │              10.90 │              scn_3 │          0.rou.xml │ 964945235560182128 │ 134.27 - SingleAgent │
Renderer started with backend %s glxGraphicsPipe
│            251/350 │               1.68 │                199 │              16.81 │              scn_3 │          0.rou.xml │ 964945235560182128 │ 145.47 - SingleAgent │
Renderer started with backend %s glxGraphicsPipe
│            252/350 │               1.68 │                199 │              16.85 │              scn_3 │          0.rou.xml │ 964945235560182128 │ 144.87 - SingleAgent │
Renderer started with backend %s glxGraphicsPipe
│            253/350 │               1.67 │                199 │              16.67 │              scn_3 │          0.rou.xml │ 964945235560182128 │ 145.47 - SingleAgent │
Renderer started with backend %s glxGraphicsPipe
│            254/350 │               1.64 │                199 │              16.37 │              scn_3 │          0.rou.xml │ 964945235560182128 │ 144.62 - SingleAgent │
Renderer started with backend %s glxGraphicsPipe
│            255/350 │               1.33 │                151 │              13.30 │              scn_3 │          0.rou.xml │ 964945235560182128 │ 134.06 - SingleAgent │
Renderer started with backend %s glxGraphicsPipe
│            256/350 │               1.00 │                108 │               9.98 │              scn_3 │          0.rou.xml │ 964945235560182128 │ 98.32 - SingleAgent │
Renderer started with backend %s glxGraphicsPipe
│            257/350 │               1.63 │                199 │              16.35 │              scn_3 │          0.rou.xml │ 964945235560182128 │ 144.87 - SingleAgent │
Renderer started with backend %s glxGraphicsPipe
│            258/350 │               0.70 │                 71 │               6.97 │              scn_3 │          0.rou.xml │ 964945235560182128 │ 80.13 - SingleAgent │
Renderer started with backend %s glxGraphicsPipe
│            259/350 │               1.22 │                138 │              12.22 │              scn_3 │          0.rou.xml │ 964945235560182128 │ 135.37 - SingleAgent │
Renderer started with backend %s glxGraphicsPipe
│            260/350 │               1.35 │                158 │              13.50 │              scn_3 │          0.rou.xml │ 964945235560182128 │ 136.44 - SingleAgent │
Renderer started with backend %s glxGraphicsPipe
│            261/350 │               1.33 │                155 │              13.26 │              scn_3 │          0.rou.xml │ 964945235560182128 │ 148.76 - SingleAgent │
Renderer started with backend %s glxGraphicsPipe
│            262/350 │               1.63 │                199 │              16.25 │              scn_3 │          0.rou.xml │ 964945235560182128 │ 144.87 - SingleAgent │
Renderer started with backend %s glxGraphicsPipe
│            263/350 │               1.62 │                199 │              16.18 │              scn_3 │          0.rou.xml │ 964945235560182128 │ 147.61 - SingleAgent │
Renderer started with backend %s glxGraphicsPipe
│            264/350 │               1.57 │                199 │              15.73 │              scn_3 │          0.rou.xml │ 964945235560182128 │ 227.74 - SingleAgent │
Renderer started with backend %s glxGraphicsPipe
│            265/350 │               1.57 │                199 │              15.66 │              scn_3 │          0.rou.xml │ 964945235560182128 │ 201.89 - SingleAgent │
Renderer started with backend %s glxGraphicsPipe
│            266/350 │               1.55 │                199 │              15.48 │              scn_3 │          0.rou.xml │ 964945235560182128 │ 129.38 - SingleAgent │
Renderer started with backend %s glxGraphicsPipe
│            267/350 │               0.76 │                 81 │               7.55 │              scn_3 │          0.rou.xml │ 964945235560182128 │ 89.87 - SingleAgent │
Renderer started with backend %s glxGraphicsPipe
│            268/350 │               0.73 │                 78 │               7.30 │              scn_3 │          0.rou.xml │ 964945235560182128 │ 89.62 - SingleAgent │
Renderer started with backend %s glxGraphicsPipe
│            269/350 │               1.11 │                130 │              11.08 │              scn_3 │          0.rou.xml │ 964945235560182128 │ 124.79 - SingleAgent │
Renderer started with backend %s glxGraphicsPipe
│            270/350 │               1.54 │                199 │              15.38 │              scn_3 │          0.rou.xml │ 964945235560182128 │ 144.87 - SingleAgent │
Renderer started with backend %s glxGraphicsPipe
│            271/350 │               0.87 │                 97 │               8.72 │              scn_3 │          0.rou.xml │ 964945235560182128 │ 121.43 - SingleAgent │
Renderer started with backend %s glxGraphicsPipe
│            272/350 │               1.05 │                124 │              10.47 │              scn_3 │          0.rou.xml │ 964945235560182128 │ 120.43 - SingleAgent │
Renderer started with backend %s glxGraphicsPipe
│            273/350 │               1.44 │                183 │              14.43 │              scn_3 │          0.rou.xml │ 964945235560182128 │ 161.04 - SingleAgent │
Renderer started with backend %s glxGraphicsPipe
│            274/350 │               1.27 │                158 │              12.68 │              scn_3 │          0.rou.xml │ 964945235560182128 │ 136.44 - SingleAgent │
Renderer started with backend %s glxGraphicsPipe
│            275/350 │               0.34 │                 35 │               3.42 │              scn_3 │          0.rou.xml │ 964945235560182128 │ 35.48 - SingleAgent │
Renderer started with backend %s glxGraphicsPipe
│            276/350 │               1.18 │                143 │              11.77 │              scn_3 │          0.rou.xml │ 964945235560182128 │ 139.83 - SingleAgent │
Renderer started with backend %s glxGraphicsPipe
│            277/350 │               1.51 │                199 │              15.09 │              scn_3 │          0.rou.xml │ 964945235560182128 │ 142.77 - SingleAgent │
Renderer started with backend %s glxGraphicsPipe
│            278/350 │               1.50 │                199 │              14.97 │              scn_3 │          0.rou.xml │ 964945235560182128 │ 155.75 - SingleAgent │
Renderer started with backend %s glxGraphicsPipe
│            279/350 │               1.50 │                199 │              15.04 │              scn_3 │          0.rou.xml │ 964945235560182128 │ 159.46 - SingleAgent │
Renderer started with backend %s glxGraphicsPipe
│            280/350 │               0.51 │                 55 │               5.07 │              scn_3 │          0.rou.xml │ 964945235560182128 │ 46.39 - SingleAgent │
Renderer started with backend %s glxGraphicsPipe
│            281/350 │               1.08 │                132 │              10.83 │              scn_3 │          0.rou.xml │ 964945235560182128 │ 76.94 - SingleAgent │
Renderer started with backend %s glxGraphicsPipe
│            282/350 │               0.84 │                 99 │               8.36 │              scn_3 │          0.rou.xml │ 964945235560182128 │ 121.66 - SingleAgent │
Renderer started with backend %s glxGraphicsPipe
│            283/350 │               1.49 │                199 │              14.91 │              scn_3 │          0.rou.xml │ 964945235560182128 │ 144.87 - SingleAgent │
Renderer started with backend %s glxGraphicsPipe
│            284/350 │               1.46 │                199 │              14.62 │              scn_3 │          0.rou.xml │ 964945235560182128 │ 200.45 - SingleAgent │
Renderer started with backend %s glxGraphicsPipe
│            285/350 │               1.46 │                199 │              14.60 │              scn_3 │          0.rou.xml │ 964945235560182128 │ 138.04 - SingleAgent │
Renderer started with backend %s glxGraphicsPipe
│            286/350 │               1.48 │                199 │              14.81 │              scn_3 │          0.rou.xml │ 964945235560182128 │ 144.87 - SingleAgent │
Renderer started with backend %s glxGraphicsPipe
│            287/350 │               1.46 │                199 │              14.60 │              scn_3 │          0.rou.xml │ 964945235560182128 │ 144.96 - SingleAgent │
Renderer started with backend %s glxGraphicsPipe
│            288/350 │               1.46 │                199 │              14.56 │              scn_3 │          0.rou.xml │ 964945235560182128 │ 105.12 - SingleAgent │
Renderer started with backend %s glxGraphicsPipe
│            289/350 │               0.99 │                127 │               9.94 │              scn_3 │          0.rou.xml │ 964945235560182128 │ 124.29 - SingleAgent │
Renderer started with backend %s glxGraphicsPipe
│            290/350 │               0.68 │                 79 │               6.76 │              scn_3 │          0.rou.xml │ 964945235560182128 │ 81.82 - SingleAgent │
Renderer started with backend %s glxGraphicsPipe
│            291/350 │               0.94 │                118 │               9.37 │              scn_3 │          0.rou.xml │ 964945235560182128 │ 110.97 - SingleAgent │
Renderer started with backend %s glxGraphicsPipe
│            292/350 │               0.50 │                 57 │               4.97 │              scn_3 │          0.rou.xml │ 964945235560182128 │ 66.08 - SingleAgent │
Renderer started with backend %s glxGraphicsPipe
│            293/350 │               1.45 │                199 │              14.46 │              scn_3 │          0.rou.xml │ 964945235560182128 │ 144.14 - SingleAgent │
Renderer started with backend %s glxGraphicsPipe
│            294/350 │               1.46 │                199 │              14.61 │              scn_3 │          0.rou.xml │ 964945235560182128 │ 144.87 - SingleAgent │
Renderer started with backend %s glxGraphicsPipe
│            295/350 │               1.45 │                199 │              14.50 │              scn_3 │          0.rou.xml │ 964945235560182128 │ 144.87 - SingleAgent │
Renderer started with backend %s glxGraphicsPipe
│            296/350 │               1.41 │                199 │              14.11 │              scn_3 │          0.rou.xml │ 964945235560182128 │ 156.85 - SingleAgent │
Renderer started with backend %s glxGraphicsPipe
│            297/350 │               0.86 │                110 │               8.56 │              scn_3 │          0.rou.xml │ 964945235560182128 │ 126.38 - SingleAgent │
Renderer started with backend %s glxGraphicsPipe
│            298/350 │               0.87 │                111 │               8.73 │              scn_3 │          0.rou.xml │ 964945235560182128 │ 116.25 - SingleAgent │
Renderer started with backend %s glxGraphicsPipe
│            299/350 │               1.40 │                199 │              13.99 │              scn_3 │          0.rou.xml │ 964945235560182128 │ 149.51 - SingleAgent │
Renderer started with backend %s glxGraphicsPipe
│            300/350 │               1.41 │                199 │              14.09 │              scn_3 │          0.rou.xml │ 964945235560182128 │ 155.96 - SingleAgent │
Renderer started with backend %s glxGraphicsPipe
│            301/350 │               1.41 │                199 │              14.07 │              scn_3 │          0.rou.xml │ 964945235560182128 │ 145.27 - SingleAgent │
Renderer started with backend %s glxGraphicsPipe
│            302/350 │               1.20 │                166 │              11.98 │              scn_3 │          0.rou.xml │ 964945235560182128 │ 147.78 - SingleAgent │
Renderer started with backend %s glxGraphicsPipe
│            303/350 │               1.40 │                199 │              13.97 │              scn_3 │          0.rou.xml │ 964945235560182128 │ 137.31 - SingleAgent │
Renderer started with backend %s glxGraphicsPipe
│            304/350 │               1.37 │                199 │              13.74 │              scn_3 │          0.rou.xml │ 964945235560182128 │ 141.91 - SingleAgent │
Renderer started with backend %s glxGraphicsPipe
│            305/350 │               0.46 │                 57 │               4.65 │              scn_3 │          0.rou.xml │ 964945235560182128 │ 81.15 - SingleAgent │
Renderer started with backend %s glxGraphicsPipe
│            306/350 │               1.37 │                199 │              13.72 │              scn_3 │          0.rou.xml │ 964945235560182128 │ 142.67 - SingleAgent │
Renderer started with backend %s glxGraphicsPipe
│            307/350 │               1.09 │                149 │              10.90 │              scn_3 │          0.rou.xml │ 964945235560182128 │ 132.42 - SingleAgent │
Renderer started with backend %s glxGraphicsPipe
│            308/350 │               0.93 │                123 │               9.28 │              scn_3 │          0.rou.xml │ 964945235560182128 │ 122.42 - SingleAgent │
Renderer started with backend %s glxGraphicsPipe
│            309/350 │               1.02 │                138 │              10.16 │              scn_3 │          0.rou.xml │ 964945235560182128 │ 140.96 - SingleAgent │
Renderer started with backend %s glxGraphicsPipe
│            310/350 │               0.31 │                 37 │               3.13 │              scn_3 │          0.rou.xml │ 964945235560182128 │ 35.67 - SingleAgent │
Renderer started with backend %s glxGraphicsPipe
│            311/350 │               1.34 │                199 │              13.44 │              scn_3 │          0.rou.xml │ 964945235560182128 │ 167.07 - SingleAgent │
Renderer started with backend %s glxGraphicsPipe
│            312/350 │               1.36 │                199 │              13.63 │              scn_3 │          0.rou.xml │ 964945235560182128 │ 144.87 - SingleAgent │
Renderer started with backend %s glxGraphicsPipe
│            313/350 │               1.31 │                195 │              13.12 │              scn_3 │          0.rou.xml │ 964945235560182128 │ 147.56 - SingleAgent │
Renderer started with backend %s glxGraphicsPipe
│            314/350 │               1.36 │                199 │              13.58 │              scn_3 │          0.rou.xml │ 964945235560182128 │ 144.87 - SingleAgent │
Renderer started with backend %s glxGraphicsPipe
│            315/350 │               0.80 │                109 │               8.04 │              scn_3 │          0.rou.xml │ 964945235560182128 │ 116.76 - SingleAgent │
Renderer started with backend %s glxGraphicsPipe
│            316/350 │               0.97 │                136 │               9.74 │              scn_3 │          0.rou.xml │ 964945235560182128 │ 134.40 - SingleAgent │
Renderer started with backend %s glxGraphicsPipe
│            317/350 │               1.16 │                170 │              11.63 │              scn_3 │          0.rou.xml │ 964945235560182128 │ 159.56 - SingleAgent │
Renderer started with backend %s glxGraphicsPipe
│            318/350 │               1.33 │                199 │              13.27 │              scn_3 │          0.rou.xml │ 964945235560182128 │ 144.87 - SingleAgent │
Renderer started with backend %s glxGraphicsPipe
│            319/350 │               0.90 │                124 │               8.99 │              scn_3 │          0.rou.xml │ 964945235560182128 │ 115.06 - SingleAgent │
Renderer started with backend %s glxGraphicsPipe
│            320/350 │               0.83 │                117 │               8.34 │              scn_3 │          0.rou.xml │ 964945235560182128 │ 131.59 - SingleAgent │
Renderer started with backend %s glxGraphicsPipe
│            321/350 │               1.34 │                199 │              13.41 │              scn_3 │          0.rou.xml │ 964945235560182128 │ 144.87 - SingleAgent │
Renderer started with backend %s glxGraphicsPipe
│            322/350 │               1.17 │                174 │              11.69 │              scn_3 │          0.rou.xml │ 964945235560182128 │ 143.66 - SingleAgent │
Renderer started with backend %s glxGraphicsPipe
│            323/350 │               0.45 │                 58 │               4.46 │              scn_3 │          0.rou.xml │ 964945235560182128 │ 78.97 - SingleAgent │
Renderer started with backend %s glxGraphicsPipe
│            324/350 │               0.38 │                 48 │               3.76 │              scn_3 │          0.rou.xml │ 964945235560182128 │ 41.28 - SingleAgent │
Renderer started with backend %s glxGraphicsPipe
│            325/350 │               0.97 │                141 │               9.74 │              scn_3 │          0.rou.xml │ 964945235560182128 │ 124.72 - SingleAgent │
Renderer started with backend %s glxGraphicsPipe
│            326/350 │               1.28 │                199 │              12.78 │              scn_3 │          0.rou.xml │ 964945235560182128 │ 160.74 - SingleAgent │
Renderer started with backend %s glxGraphicsPipe
│            327/350 │               1.29 │                199 │              12.94 │              scn_3 │          0.rou.xml │ 964945235560182128 │ 144.87 - SingleAgent │
Renderer started with backend %s glxGraphicsPipe
│            328/350 │               0.71 │                100 │               7.13 │              scn_3 │          0.rou.xml │ 964945235560182128 │ 110.41 - SingleAgent │
Renderer started with backend %s glxGraphicsPipe
│            329/350 │               1.03 │                153 │              10.29 │              scn_3 │          0.rou.xml │ 964945235560182128 │ 135.74 - SingleAgent │
Renderer started with backend %s glxGraphicsPipe
│            330/350 │               1.28 │                199 │              12.79 │              scn_3 │          0.rou.xml │ 964945235560182128 │ 205.19 - SingleAgent │
Renderer started with backend %s glxGraphicsPipe
│            331/350 │               1.04 │                152 │              10.36 │              scn_3 │          0.rou.xml │ 964945235560182128 │ 143.85 - SingleAgent │
Renderer started with backend %s glxGraphicsPipe
│            332/350 │               1.27 │                199 │              12.69 │              scn_3 │          0.rou.xml │ 964945235560182128 │ 129.38 - SingleAgent │
Renderer started with backend %s glxGraphicsPipe
│            333/350 │               0.54 │                 74 │               5.39 │              scn_3 │          0.rou.xml │ 964945235560182128 │ 81.49 - SingleAgent │
Renderer started with backend %s glxGraphicsPipe
│            334/350 │               1.28 │                199 │              12.84 │              scn_3 │          0.rou.xml │ 964945235560182128 │ 168.51 - SingleAgent │
Renderer started with backend %s glxGraphicsPipe
│            335/350 │               1.28 │                199 │              12.81 │              scn_3 │          0.rou.xml │ 964945235560182128 │ 144.87 - SingleAgent │
Renderer started with backend %s glxGraphicsPipe
│            336/350 │               1.27 │                199 │              12.72 │              scn_3 │          0.rou.xml │ 964945235560182128 │ 144.87 - SingleAgent │
Renderer started with backend %s glxGraphicsPipe
│            337/350 │               0.76 │                110 │               7.56 │              scn_3 │          0.rou.xml │ 964945235560182128 │ 120.54 - SingleAgent │
Renderer started with backend %s glxGraphicsPipe
│            338/350 │               1.27 │                199 │              12.68 │              scn_3 │          0.rou.xml │ 964945235560182128 │ 169.71 - SingleAgent │
Renderer started with backend %s glxGraphicsPipe
│            339/350 │               0.69 │                 99 │               6.87 │              scn_3 │          0.rou.xml │ 964945235560182128 │ 124.93 - SingleAgent │
Renderer started with backend %s glxGraphicsPipe
│            340/350 │               0.56 │                 79 │               5.63 │              scn_3 │          0.rou.xml │ 964945235560182128 │ 77.07 - SingleAgent │
Renderer started with backend %s glxGraphicsPipe
│            341/350 │               0.94 │                143 │               9.37 │              scn_3 │          0.rou.xml │ 964945235560182128 │ 131.27 - SingleAgent │
Renderer started with backend %s glxGraphicsPipe
│            342/350 │               0.78 │                116 │               7.78 │              scn_3 │          0.rou.xml │ 964945235560182128 │ 121.11 - SingleAgent │
Renderer started with backend %s glxGraphicsPipe
│            343/350 │               1.23 │                199 │              12.29 │              scn_3 │          0.rou.xml │ 964945235560182128 │ 156.59 - SingleAgent │
Renderer started with backend %s glxGraphicsPipe
│            344/350 │               0.74 │                109 │               7.44 │              scn_3 │          0.rou.xml │ 964945235560182128 │ 121.90 - SingleAgent │
Renderer started with backend %s glxGraphicsPipe
│            345/350 │               0.85 │                127 │               8.50 │              scn_3 │          0.rou.xml │ 964945235560182128 │ 136.25 - SingleAgent │
Renderer started with backend %s glxGraphicsPipe
│            346/350 │               0.78 │                115 │               7.79 │              scn_3 │          0.rou.xml │ 964945235560182128 │ 130.89 - SingleAgent │
Renderer started with backend %s glxGraphicsPipe
│            347/350 │               0.49 │                 70 │               4.93 │              scn_3 │          0.rou.xml │ 964945235560182128 │ 75.94 - SingleAgent │
Renderer started with backend %s glxGraphicsPipe
│            348/350 │               1.23 │                199 │              12.32 │              scn_3 │          0.rou.xml │ 964945235560182128 │ 144.87 - SingleAgent │
Renderer started with backend %s glxGraphicsPipe
│            349/350 │               0.85 │                131 │               8.54 │              scn_3 │          0.rou.xml │ 964945235560182128 │ 122.92 - SingleAgent │
Renderer started with backend %s glxGraphicsPipe
│            350/350 │               1.21 │                199 │              12.13 │              scn_3 │          0.rou.xml │ 964945235560182128 │ 144.87 - SingleAgent │
╰────────────────────┴────────────────────┴────────────────────┴────────────────────┴────────────────────┴────────────────────┴────────────────────┴────────────────────╯
